#
# A fatal error has been detected by the Java Runtime Environment:
#
#  SIGSEGV (0xb) at pc=0x000000010cef72b0, pid=6308, tid=15363
#
# JRE version: Java(TM) SE Runtime Environment (8.0_25-b17) (build 1.8.0_25-b17)
# Java VM: Java HotSpot(TM) 64-Bit Server VM (25.25-b02 mixed mode bsd-amd64 compressed oops)
# Problematic frame:
# V  [libjvm.dylib+0x4232b0]  Method::checked_resolve_jmethod_id(_jmethodID*)+0xe
#
# Failed to write core dump. Core dumps have been disabled. To enable core dumping, try "ulimit -c unlimited" before starting Java again
#
# If you would like to submit a bug report, please visit:
#   http://bugreport.sun.com/bugreport/crash.jsp
#

---------------  T H R E A D  ---------------

Current thread (0x00007fae52816800):  JavaThread "JDWP Transport Listener: dt_socket" daemon [_thread_in_vm, id=15363, stack(0x0000000125188000,0x0000000125288000)]

siginfo: si_signo: 11 (SIGSEGV), si_code: 0 (unknown), si_addr: 0x0000000000000000

Registers:
RAX=0x0000000000000001, RBX=0x0000000125287a8b, RCX=0x000000010d2aac80, RDX=0x0000000125287a8b
RSP=0x00000001252879d0, RBP=0x00000001252879e0, RSI=0x00007fae52816800, RDI=0x0002000000000000
R8 =0x0000000000000000, R9 =0x00007fae51d00000, R10=0x0000000000000010, R11=0x00007fae51d00000
R12=0x00007fae52816800, R13=0x0002000000000000, R14=0x0002000000000000, R15=0x00007fae51d1f910
RIP=0x000000010cef72b0, EFLAGS=0x0000000000010206, ERR=0x0000000000000000
  TRAPNO=0x000000000000000d

Top of Stack: (sp=0x00000001252879d0)
0x00000001252879d0:   0000000125287a8b 0000000125287a8b
0x00000001252879e0:   0000000125287a40 000000010ce0926e
0x00000001252879f0:   00007fae52816800 0000000000000000
0x0000000125287a00:   0000000000000000 0000000000000000
0x0000000125287a10:   00007fae52816800 00007fae52816800
0x0000000125287a20:   0000000125287a8b 0000000125287a90
0x0000000125287a30:   0002000000000000 0000000000000003
0x0000000125287a40:   0000000125287a60 000000010db6d7dc
0x0000000125287a50:   0000000000000001 0000000125287b08
0x0000000125287a60:   0000000125287ad0 000000010db52263
0x0000000125287a70:   0000000125287aa0 00007fae51d6f650
0x0000000125287a80:   0000000400000032 0000000a00287b08
0x0000000125287a90:   0000000000000000 0000000000000000
0x0000000125287aa0:   0000000000000000 0000000125287c90
0x0000000125287ab0:   000000010db74eca 00007fae51d70490
0x0000000125287ac0:   0000000125287b08 000000010db80588
0x0000000125287ad0:   0000000125287ae0 000000010db5235c
0x0000000125287ae0:   0000000125287d00 000000010db5b8f6
0x0000000125287af0:   00000aa900000013 00000000000f0200
0x0000000125287b00:   00007fae51d6e2b0 0000000125287bf8
0x0000000125287b10:   00007fae0000008c 0000000125287b20
0x0000000125287b20:   00007fae000000a0 0000000125287b58
0x0000000125287b30:   0000000000000000 0000000000000000
0x0000000125287b40:   00000aa90000000f 0000000000000080
0x0000000125287b50:   0000000125287b58 ae7f000004000000
0x0000000125287b60:   0800000098f2c251 6b6f6f427473696c
0x0000000125287b70:   6f634c282b000000 69622f7577742f6d
0x0000000125287b80:   616365746f696c62 656369767265732f
0x0000000125287b90:   7265536b6f6f422f 0056293b65636976
0x0000000125287ba0:   000a000000000000 0068f2c251ae7f00
0x0000000125287bb0:   006e69616d040000 616a4c5b28160000
0x0000000125287bc0:   2f676e616c2f6176 293b676e69727453 

Instructions: (pc=0x000000010cef72b0)
0x000000010cef7290:   40 48 48 85 c0 75 e0 30 c0 0f b6 c0 5d c3 31 c0
0x000000010cef72a0:   5d c3 55 48 89 e5 53 48 83 ec 08 48 85 ff 74 24
0x000000010cef72b0:   48 8b 1f 48 85 db 74 1c 48 83 fb 37 74 16 48 8b
0x000000010cef72c0:   03 48 89 df ff 50 10 84 c0 b8 00 00 00 00 48 0f 

Register to memory mapping:

RAX=0x0000000000000001 is an unknown value
RBX=0x0000000125287a8b is pointing into the stack for thread: 0x00007fae52816800
RCX=0x000000010d2aac80: UseMembar+0 in /Library/Java/JavaVirtualMachines/jdk1.8.0_25.jdk/Contents/Home/jre/lib/server/libjvm.dylib at 0x000000010cad4000
RDX=0x0000000125287a8b is pointing into the stack for thread: 0x00007fae52816800
RSP=0x00000001252879d0 is pointing into the stack for thread: 0x00007fae52816800
RBP=0x00000001252879e0 is pointing into the stack for thread: 0x00007fae52816800
RSI=0x00007fae52816800 is a thread
RDI=0x0002000000000000 is an unknown value
R8 =0x0000000000000000 is an unknown value
R9 =0x00007fae51d00000 is an unknown value
R10=0x0000000000000010 is an unknown value
R11=0x00007fae51d00000 is an unknown value
R12=0x00007fae52816800 is a thread
R13=0x0002000000000000 is an unknown value
R14=0x0002000000000000 is an unknown value
R15=0x00007fae51d1f910 is an unknown value


Stack: [0x0000000125188000,0x0000000125288000],  sp=0x00000001252879d0,  free space=1022k
Native frames: (J=compiled Java code, j=interpreted, Vv=VM code, C=native code)
V  [libjvm.dylib+0x4232b0]  Method::checked_resolve_jmethod_id(_jmethodID*)+0xe
V  [libjvm.dylib+0x33526e]  jvmti_IsMethodSynthetic+0xb2
C  [libjdwp.dylib+0x207dc]  isMethodSynthetic+0x63
C  [libjdwp.dylib+0x5263]  methods1+0x10b
C  [libjdwp.dylib+0x535c]  methodsWithGeneric+0xe
C  [libjdwp.dylib+0xe8f6]  debugLoop_run+0x1ce
C  [libjdwp.dylib+0x1f716]  attachThread+0x4d
V  [libjvm.dylib+0x3762ce]  JvmtiAgentThread::call_start_function()+0x38
V  [libjvm.dylib+0x535ed9]  JavaThread::thread_main_inner()+0x9b
V  [libjvm.dylib+0x53761c]  JavaThread::run()+0x1c2
V  [libjvm.dylib+0x45d87e]  java_start(Thread*)+0xf6
C  [libsystem_pthread.dylib+0x3268]  _pthread_body+0x83
C  [libsystem_pthread.dylib+0x31e5]  _pthread_body+0x0
C  [libsystem_pthread.dylib+0x141d]  thread_start+0xd
C  0x0000000000000000


---------------  P R O C E S S  ---------------

Java Threads: ( => current thread )
  0x00007fae52807000 JavaThread "Service Thread" daemon [_thread_blocked, id=17923, stack(0x0000000125697000,0x0000000125797000)]
  0x00007fae5209b000 JavaThread "C1 CompilerThread1" daemon [_thread_blocked, id=17411, stack(0x0000000125594000,0x0000000125694000)]
  0x00007fae52808800 JavaThread "C2 CompilerThread0" daemon [_thread_blocked, id=16899, stack(0x0000000125491000,0x0000000125591000)]
  0x00007fae5208d800 JavaThread "JDWP Command Reader" daemon [_thread_in_native, id=16387, stack(0x000000012538e000,0x000000012548e000)]
  0x00007fae5208e800 JavaThread "JDWP Event Helper Thread" daemon [_thread_blocked, id=15875, stack(0x000000012528b000,0x000000012538b000)]
=>0x00007fae52816800 JavaThread "JDWP Transport Listener: dt_socket" daemon [_thread_in_vm, id=15363, stack(0x0000000125188000,0x0000000125288000)]
  0x00007fae52073800 JavaThread "Signal Dispatcher" daemon [_thread_blocked, id=11279, stack(0x000000012507e000,0x000000012517e000)]
  0x00007fae52814800 JavaThread "Finalizer" daemon [_thread_blocked, id=10499, stack(0x00000001236dc000,0x00000001237dc000)]
  0x00007fae52814000 JavaThread "Reference Handler" daemon [_thread_blocked, id=9987, stack(0x00000001235d9000,0x00000001236d9000)]
  0x00007fae52800000 JavaThread "main" [_thread_in_native, id=3331, stack(0x000000010d9f1000,0x000000010daf1000)]

Other Threads:
  0x00007fae5205d000 VMThread [stack: 0x00000001234d6000,0x00000001235d6000] [id=9475]
  0x00007fae5209c000 WatcherThread [stack: 0x000000012579a000,0x000000012589a000] [id=18435]

VM state:not at safepoint (normal execution)

VM Mutex/Monitor currently owned by a thread: None

Heap:
 PSYoungGen      total 38400K, used 3993K [0x0000000795580000, 0x0000000798000000, 0x00000007c0000000)
  eden space 33280K, 12% used [0x0000000795580000,0x00000007959667b8,0x0000000797600000)
  from space 5120K, 0% used [0x0000000797b00000,0x0000000797b00000,0x0000000798000000)
  to   space 5120K, 0% used [0x0000000797600000,0x0000000797600000,0x0000000797b00000)
 ParOldGen       total 87552K, used 0K [0x0000000740000000, 0x0000000745580000, 0x0000000795580000)
  object space 87552K, 0% used [0x0000000740000000,0x0000000740000000,0x0000000745580000)
 Metaspace       used 3757K, capacity 4736K, committed 4864K, reserved 1056768K
  class space    used 411K, capacity 432K, committed 512K, reserved 1048576K

Card table byte_map: [0x000000011d3c0000,0x000000011d7c1000] byte_map_base: 0x00000001199c0000

Marking Bits: (ParMarkBitMap*) 0x000000010d371390
 Begin Bits: [0x000000011dc72000, 0x000000011fc72000)
 End Bits:   [0x000000011fc72000, 0x0000000121c72000)

Polling page: 0x000000010db35000

CodeCache: size=245760Kb used=1369Kb max_used=1369Kb free=244390Kb
 bounds [0x000000010e000000, 0x000000010e270000, 0x000000011d000000]
 total_blobs=373 nmethods=138 adapters=159
 compilation: enabled

Compilation events (10 events):
Event: 6.345 Thread 0x00007fae5209b000  132       3       java.util.regex.ASCII::isDigit (18 bytes)
Event: 6.345 Thread 0x00007fae5209b000 nmethod 132 0x000000010e155350 code [0x000000010e1554c0, 0x000000010e155670]
Event: 6.345 Thread 0x00007fae5209b000  136       3       java.util.regex.ASCII::toUpper (16 bytes)
Event: 6.345 Thread 0x00007fae5209b000 nmethod 136 0x000000010e1556d0 code [0x000000010e155840, 0x000000010e155a90]
Event: 6.345 Thread 0x00007fae5209b000  137       3       java.util.regex.ASCII::isLower (18 bytes)
Event: 6.345 Thread 0x00007fae5209b000 nmethod 137 0x000000010e155b50 code [0x000000010e155cc0, 0x000000010e155e70]
Event: 6.345 Thread 0x00007fae5209b000  138       3       java.util.regex.ASCII::toLower (16 bytes)
Event: 6.345 Thread 0x00007fae5209b000 nmethod 138 0x000000010e155ed0 code [0x000000010e156040, 0x000000010e156290]
Event: 6.345 Thread 0x00007fae5209b000  131       3       java.nio.Buffer::position (43 bytes)
Event: 6.345 Thread 0x00007fae5209b000 nmethod 131 0x000000010e156350 code [0x000000010e1564c0, 0x000000010e156788]

GC Heap History (0 events):
No events

Deoptimization events (0 events):
No events

Internal exceptions (10 events):
Event: 0.444 Thread 0x00007fae52800000 Exception <a 'java/security/PrivilegedActionException'> (0x00000007958c9218) thrown at [/HUDSON3/workspace/8-2-build-macosx-x86_64/jdk8u25/1514/hotspot/src/share/vm/prims/jvm.cpp, line 1312]
Event: 0.444 Thread 0x00007fae52800000 Exception <a 'java/security/PrivilegedActionException'> (0x00000007958c93d0) thrown at [/HUDSON3/workspace/8-2-build-macosx-x86_64/jdk8u25/1514/hotspot/src/share/vm/prims/jvm.cpp, line 1312]
Event: 0.444 Thread 0x00007fae52800000 Exception <a 'java/security/PrivilegedActionException'> (0x00000007958cc750) thrown at [/HUDSON3/workspace/8-2-build-macosx-x86_64/jdk8u25/1514/hotspot/src/share/vm/prims/jvm.cpp, line 1312]
Event: 0.444 Thread 0x00007fae52800000 Exception <a 'java/security/PrivilegedActionException'> (0x00000007958cc908) thrown at [/HUDSON3/workspace/8-2-build-macosx-x86_64/jdk8u25/1514/hotspot/src/share/vm/prims/jvm.cpp, line 1312]
Event: 0.456 Thread 0x00007fae52800000 Exception <a 'java/security/PrivilegedActionException'> (0x00000007958d5150) thrown at [/HUDSON3/workspace/8-2-build-macosx-x86_64/jdk8u25/1514/hotspot/src/share/vm/prims/jvm.cpp, line 1312]
Event: 0.459 Thread 0x00007fae52800000 Exception <a 'java/security/PrivilegedActionException'> (0x00000007958dc1c8) thrown at [/HUDSON3/workspace/8-2-build-macosx-x86_64/jdk8u25/1514/hotspot/src/share/vm/prims/jvm.cpp, line 1312]
Event: 0.475 Thread 0x00007fae52800000 Exception <a 'java/security/PrivilegedActionException'> (0x00000007958f5c98) thrown at [/HUDSON3/workspace/8-2-build-macosx-x86_64/jdk8u25/1514/hotspot/src/share/vm/prims/jvm.cpp, line 1312]
Event: 0.475 Thread 0x00007fae52800000 Exception <a 'java/security/PrivilegedActionException'> (0x00000007958f8f80) thrown at [/HUDSON3/workspace/8-2-build-macosx-x86_64/jdk8u25/1514/hotspot/src/share/vm/prims/jvm.cpp, line 1312]
Event: 0.477 Thread 0x00007fae52800000 Exception <a 'java/security/PrivilegedActionException'> (0x00000007958ff858) thrown at [/HUDSON3/workspace/8-2-build-macosx-x86_64/jdk8u25/1514/hotspot/src/share/vm/prims/jvm.cpp, line 1312]
Event: 0.478 Thread 0x00007fae52800000 Exception <a 'java/security/PrivilegedActionException'> (0x0000000795902ce0) thrown at [/HUDSON3/workspace/8-2-build-macosx-x86_64/jdk8u25/1514/hotspot/src/share/vm/prims/jvm.cpp, line 1312]

Events (10 events):
Event: 5859.480 Executing VM operation: ChangeBreakpoints
Event: 5859.480 Executing VM operation: ChangeBreakpoints done
Event: 5984.572 Executing VM operation: ChangeBreakpoints
Event: 5984.572 Executing VM operation: ChangeBreakpoints done
Event: 5984.578 Executing VM operation: ChangeBreakpoints
Event: 5984.578 Executing VM operation: ChangeBreakpoints done
Event: 6242.050 Executing VM operation: ChangeBreakpoints
Event: 6242.050 Executing VM operation: ChangeBreakpoints done
Event: 6242.056 Executing VM operation: RedefineClasses
Event: 6242.057 Executing VM operation: RedefineClasses done


Dynamic libraries:
0x0000000003bcd000 	/System/Library/Frameworks/Cocoa.framework/Versions/A/Cocoa
0x0000000003bcd000 	/System/Library/Frameworks/Security.framework/Versions/A/Security
0x0000000003bcd000 	/System/Library/Frameworks/ApplicationServices.framework/Versions/A/ApplicationServices
0x0000000003bcd000 	/usr/lib/libz.1.dylib
0x0000000003bcd000 	/usr/lib/libSystem.B.dylib
0x0000000003bcd000 	/usr/lib/libobjc.A.dylib
0x0000000003bcd000 	/System/Library/Frameworks/CoreFoundation.framework/Versions/A/CoreFoundation
0x0000000003bcd000 	/System/Library/Frameworks/Foundation.framework/Versions/C/Foundation
0x0000000003bcd000 	/System/Library/Frameworks/AppKit.framework/Versions/C/AppKit
0x0000000003bcd000 	/System/Library/Frameworks/CoreData.framework/Versions/A/CoreData
0x0000000003bcd000 	/System/Library/PrivateFrameworks/RemoteViewServices.framework/Versions/A/RemoteViewServices
0x0000000003bcd000 	/System/Library/PrivateFrameworks/UIFoundation.framework/Versions/A/UIFoundation
0x0000000003bcd000 	/System/Library/Frameworks/IOSurface.framework/Versions/A/IOSurface
0x0000000003bcd000 	/System/Library/Frameworks/AudioToolbox.framework/Versions/A/AudioToolbox
0x0000000003bcd000 	/System/Library/Frameworks/AudioUnit.framework/Versions/A/AudioUnit
0x0000000003bcd000 	/System/Library/PrivateFrameworks/DataDetectorsCore.framework/Versions/A/DataDetectorsCore
0x0000000003bcd000 	/System/Library/PrivateFrameworks/DesktopServicesPriv.framework/Versions/A/DesktopServicesPriv
0x0000000003bcd000 	/System/Library/Frameworks/Carbon.framework/Versions/A/Frameworks/HIToolbox.framework/Versions/A/HIToolbox
0x0000000003bcd000 	/System/Library/Frameworks/QuartzCore.framework/Versions/A/QuartzCore
0x0000000003bcd000 	/System/Library/Frameworks/Carbon.framework/Versions/A/Frameworks/SpeechRecognition.framework/Versions/A/SpeechRecognition
0x0000000003bcd000 	/usr/lib/libauto.dylib
0x0000000003bcd000 	/usr/lib/libicucore.A.dylib
0x0000000003bcd000 	/usr/lib/libxml2.2.dylib
0x0000000003bcd000 	/System/Library/PrivateFrameworks/CoreUI.framework/Versions/A/CoreUI
0x0000000003bcd000 	/System/Library/Frameworks/CoreAudio.framework/Versions/A/CoreAudio
0x0000000003bcd000 	/System/Library/Frameworks/DiskArbitration.framework/Versions/A/DiskArbitration
0x0000000003bcd000 	/usr/lib/liblangid.dylib
0x0000000003bcd000 	/System/Library/PrivateFrameworks/MultitouchSupport.framework/Versions/A/MultitouchSupport
0x0000000003bcd000 	/System/Library/Frameworks/IOKit.framework/Versions/A/IOKit
0x0000000003bcd000 	/usr/lib/libDiagnosticMessagesClient.dylib
0x0000000003bcd000 	/System/Library/Frameworks/CoreServices.framework/Versions/A/CoreServices
0x0000000003bcd000 	/System/Library/PrivateFrameworks/PerformanceAnalysis.framework/Versions/A/PerformanceAnalysis
0x0000000003bcd000 	/System/Library/PrivateFrameworks/GenerationalStorage.framework/Versions/A/GenerationalStorage
0x0000000003bcd000 	/System/Library/Frameworks/OpenGL.framework/Versions/A/OpenGL
0x0000000003bcd000 	/System/Library/PrivateFrameworks/Sharing.framework/Versions/A/Sharing
0x0000000003bcd000 	/System/Library/Frameworks/CoreGraphics.framework/Versions/A/CoreGraphics
0x0000000003bcd000 	/System/Library/Frameworks/CoreText.framework/Versions/A/CoreText
0x0000000003bcd000 	/System/Library/Frameworks/ImageIO.framework/Versions/A/ImageIO
0x0000000003bcd000 	/usr/lib/libextension.dylib
0x0000000003bcd000 	/System/Library/PrivateFrameworks/Backup.framework/Versions/A/Backup
0x0000000003bcd000 	/usr/lib/libarchive.2.dylib
0x0000000003bcd000 	/System/Library/Frameworks/CFNetwork.framework/Versions/A/CFNetwork
0x0000000003bcd000 	/System/Library/Frameworks/SystemConfiguration.framework/Versions/A/SystemConfiguration
0x0000000003bcd000 	/usr/lib/libCRFSuite.dylib
0x0000000003bcd000 	/usr/lib/libc++.1.dylib
0x0000000003bcd000 	/usr/lib/libc++abi.dylib
0x0000000003bcd000 	/usr/lib/system/libcache.dylib
0x0000000003bcd000 	/usr/lib/system/libcommonCrypto.dylib
0x0000000003bcd000 	/usr/lib/system/libcompiler_rt.dylib
0x0000000003bcd000 	/usr/lib/system/libcopyfile.dylib
0x0000000003bcd000 	/usr/lib/system/libcorecrypto.dylib
0x0000000003bcd000 	/usr/lib/system/libdispatch.dylib
0x0000000003bcd000 	/usr/lib/system/libdyld.dylib
0x0000000003bcd000 	/usr/lib/system/libkeymgr.dylib
0x0000000003bcd000 	/usr/lib/system/liblaunch.dylib
0x0000000003bcd000 	/usr/lib/system/libmacho.dylib
0x0000000003bcd000 	/usr/lib/system/libquarantine.dylib
0x0000000003bcd000 	/usr/lib/system/libremovefile.dylib
0x0000000003bcd000 	/usr/lib/system/libsystem_asl.dylib
0x0000000003bcd000 	/usr/lib/system/libsystem_blocks.dylib
0x0000000003bcd000 	/usr/lib/system/libsystem_c.dylib
0x0000000003bcd000 	/usr/lib/system/libsystem_configuration.dylib
0x0000000003bcd000 	/usr/lib/system/libsystem_coreservices.dylib
0x0000000003bcd000 	/usr/lib/system/libsystem_coretls.dylib
0x0000000003bcd000 	/usr/lib/system/libsystem_dnssd.dylib
0x0000000003bcd000 	/usr/lib/system/libsystem_info.dylib
0x0000000003bcd000 	/usr/lib/system/libsystem_kernel.dylib
0x0000000003bcd000 	/usr/lib/system/libsystem_m.dylib
0x0000000003bcd000 	/usr/lib/system/libsystem_malloc.dylib
0x0000000003bcd000 	/usr/lib/system/libsystem_network.dylib
0x0000000003bcd000 	/usr/lib/system/libsystem_networkextension.dylib
0x0000000003bcd000 	/usr/lib/system/libsystem_notify.dylib
0x0000000003bcd000 	/usr/lib/system/libsystem_platform.dylib
0x0000000003bcd000 	/usr/lib/system/libsystem_pthread.dylib
0x0000000003bcd000 	/usr/lib/system/libsystem_sandbox.dylib
0x0000000003bcd000 	/usr/lib/system/libsystem_secinit.dylib
0x0000000003bcd000 	/usr/lib/system/libsystem_stats.dylib
0x0000000003bcd000 	/usr/lib/system/libsystem_trace.dylib
0x0000000003bcd000 	/usr/lib/system/libunc.dylib
0x0000000003bcd000 	/usr/lib/system/libunwind.dylib
0x0000000003bcd000 	/usr/lib/system/libxpc.dylib
0x0000000003bcd000 	/usr/lib/libbz2.1.0.dylib
0x0000000003bcd000 	/usr/lib/liblzma.5.dylib
0x0000000003bcd000 	/usr/lib/libbsm.0.dylib
0x0000000003bcd000 	/usr/lib/libsqlite3.dylib
0x0000000003bcd000 	/usr/lib/system/libkxld.dylib
0x0000000003bcd000 	/usr/lib/libxar.1.dylib
0x0000000003bcd000 	/usr/lib/libpam.2.dylib
0x0000000003bcd000 	/usr/lib/libOpenScriptingUtil.dylib
0x0000000003bcd000 	/System/Library/Frameworks/CoreServices.framework/Versions/A/Frameworks/FSEvents.framework/Versions/A/FSEvents
0x0000000003bcd000 	/System/Library/Frameworks/CoreServices.framework/Versions/A/Frameworks/CarbonCore.framework/Versions/A/CarbonCore
0x0000000003bcd000 	/System/Library/Frameworks/CoreServices.framework/Versions/A/Frameworks/Metadata.framework/Versions/A/Metadata
0x0000000003bcd000 	/System/Library/Frameworks/CoreServices.framework/Versions/A/Frameworks/OSServices.framework/Versions/A/OSServices
0x0000000003bcd000 	/System/Library/Frameworks/CoreServices.framework/Versions/A/Frameworks/SearchKit.framework/Versions/A/SearchKit
0x0000000003bcd000 	/System/Library/Frameworks/CoreServices.framework/Versions/A/Frameworks/AE.framework/Versions/A/AE
0x0000000003bcd000 	/System/Library/Frameworks/CoreServices.framework/Versions/A/Frameworks/LaunchServices.framework/Versions/A/LaunchServices
0x0000000003bcd000 	/System/Library/Frameworks/CoreServices.framework/Versions/A/Frameworks/DictionaryServices.framework/Versions/A/DictionaryServices
0x0000000003bcd000 	/System/Library/Frameworks/NetFS.framework/Versions/A/NetFS
0x0000000003bcd000 	/System/Library/PrivateFrameworks/NetAuth.framework/Versions/A/NetAuth
0x0000000003bcd000 	/System/Library/PrivateFrameworks/login.framework/Versions/A/Frameworks/loginsupport.framework/Versions/A/loginsupport
0x0000000003bcd000 	/System/Library/PrivateFrameworks/TCC.framework/Versions/A/TCC
0x0000000003bcd000 	/usr/lib/libmecabra.dylib
0x0000000003bcd000 	/System/Library/Frameworks/ApplicationServices.framework/Versions/A/Frameworks/ATS.framework/Versions/A/ATS
0x0000000003bcd000 	/System/Library/Frameworks/ApplicationServices.framework/Versions/A/Frameworks/ColorSync.framework/Versions/A/ColorSync
0x0000000003bcd000 	/System/Library/Frameworks/ApplicationServices.framework/Versions/A/Frameworks/HIServices.framework/Versions/A/HIServices
0x0000000003bcd000 	/System/Library/Frameworks/ApplicationServices.framework/Versions/A/Frameworks/LangAnalysis.framework/Versions/A/LangAnalysis
0x0000000003bcd000 	/System/Library/Frameworks/ApplicationServices.framework/Versions/A/Frameworks/PrintCore.framework/Versions/A/PrintCore
0x0000000003bcd000 	/System/Library/Frameworks/ApplicationServices.framework/Versions/A/Frameworks/QD.framework/Versions/A/QD
0x0000000003bcd000 	/System/Library/Frameworks/ApplicationServices.framework/Versions/A/Frameworks/SpeechSynthesis.framework/Versions/A/SpeechSynthesis
0x0000000003bcd000 	/System/Library/Frameworks/Accelerate.framework/Versions/A/Accelerate
0x0000000003bcd000 	/System/Library/Frameworks/Accelerate.framework/Versions/A/Frameworks/vImage.framework/Versions/A/vImage
0x0000000003bcd000 	/System/Library/Frameworks/Accelerate.framework/Versions/A/Frameworks/vecLib.framework/Versions/A/vecLib
0x0000000003bcd000 	/System/Library/Frameworks/Accelerate.framework/Versions/A/Frameworks/vecLib.framework/Versions/A/libvDSP.dylib
0x0000000003bcd000 	/System/Library/Frameworks/Accelerate.framework/Versions/A/Frameworks/vecLib.framework/Versions/A/libvMisc.dylib
0x0000000003bcd000 	/System/Library/Frameworks/Accelerate.framework/Versions/A/Frameworks/vecLib.framework/Versions/A/libLAPACK.dylib
0x0000000003bcd000 	/System/Library/Frameworks/Accelerate.framework/Versions/A/Frameworks/vecLib.framework/Versions/A/libBLAS.dylib
0x0000000003bcd000 	/System/Library/Frameworks/Accelerate.framework/Versions/A/Frameworks/vecLib.framework/Versions/A/libLinearAlgebra.dylib
0x0000000003bcd000 	/System/Library/Frameworks/ApplicationServices.framework/Versions/A/Frameworks/ATS.framework/Versions/A/Resources/libFontParser.dylib
0x0000000003bcd000 	/System/Library/Frameworks/ApplicationServices.framework/Versions/A/Frameworks/ATS.framework/Versions/A/Resources/libFontRegistry.dylib
0x0000000003bcd000 	/System/Library/PrivateFrameworks/AppleVPA.framework/Versions/A/AppleVPA
0x0000000003bcd000 	/System/Library/PrivateFrameworks/AppleJPEG.framework/Versions/A/AppleJPEG
0x0000000003bcd000 	/System/Library/Frameworks/ImageIO.framework/Versions/A/Resources/libJPEG.dylib
0x0000000003bcd000 	/System/Library/Frameworks/ImageIO.framework/Versions/A/Resources/libTIFF.dylib
0x0000000003bcd000 	/System/Library/Frameworks/ImageIO.framework/Versions/A/Resources/libPng.dylib
0x0000000003bcd000 	/System/Library/Frameworks/ImageIO.framework/Versions/A/Resources/libGIF.dylib
0x0000000003bcd000 	/System/Library/Frameworks/ImageIO.framework/Versions/A/Resources/libJP2.dylib
0x0000000003bcd000 	/System/Library/Frameworks/ImageIO.framework/Versions/A/Resources/libRadiance.dylib
0x0000000003bcd000 	/System/Library/Frameworks/CoreVideo.framework/Versions/A/CoreVideo
0x0000000003bcd000 	/System/Library/Frameworks/OpenGL.framework/Versions/A/Libraries/libGLU.dylib
0x0000000003bcd000 	/System/Library/Frameworks/OpenGL.framework/Versions/A/Libraries/libGFXShared.dylib
0x0000000003bcd000 	/System/Library/Frameworks/OpenGL.framework/Versions/A/Libraries/libGL.dylib
0x0000000003bcd000 	/System/Library/Frameworks/OpenGL.framework/Versions/A/Libraries/libGLImage.dylib
0x0000000003bcd000 	/System/Library/Frameworks/OpenGL.framework/Versions/A/Libraries/libCVMSPluginSupport.dylib
0x0000000003bcd000 	/System/Library/Frameworks/OpenGL.framework/Versions/A/Libraries/libCoreVMClient.dylib
0x0000000003bcd000 	/usr/lib/libcups.2.dylib
0x0000000003bcd000 	/System/Library/Frameworks/Kerberos.framework/Versions/A/Kerberos
0x0000000003bcd000 	/System/Library/Frameworks/GSS.framework/Versions/A/GSS
0x0000000003bcd000 	/usr/lib/libresolv.9.dylib
0x0000000003bcd000 	/usr/lib/libiconv.2.dylib
0x0000000003bcd000 	/System/Library/PrivateFrameworks/Heimdal.framework/Versions/A/Heimdal
0x0000000003bcd000 	/usr/lib/libheimdal-asn1.dylib
0x0000000003bcd000 	/System/Library/Frameworks/OpenDirectory.framework/Versions/A/OpenDirectory
0x0000000003bcd000 	/System/Library/PrivateFrameworks/CommonAuth.framework/Versions/A/CommonAuth
0x0000000003bcd000 	/System/Library/Frameworks/OpenDirectory.framework/Versions/A/Frameworks/CFOpenDirectory.framework/Versions/A/CFOpenDirectory
0x0000000003bcd000 	/System/Library/Frameworks/SecurityFoundation.framework/Versions/A/SecurityFoundation
0x0000000003bcd000 	/System/Library/PrivateFrameworks/LanguageModeling.framework/Versions/A/LanguageModeling
0x0000000003bcd000 	/usr/lib/libcmph.dylib
0x0000000003bcd000 	/System/Library/Frameworks/ServiceManagement.framework/Versions/A/ServiceManagement
0x0000000003bcd000 	/usr/lib/libxslt.1.dylib
0x0000000003bcd000 	/System/Library/Frameworks/Carbon.framework/Versions/A/Frameworks/Ink.framework/Versions/A/Ink
0x0000000003bcd000 	/System/Library/Frameworks/QuartzCore.framework/Versions/A/Frameworks/CoreImage.framework/Versions/A/CoreImage
0x0000000003bcd000 	/System/Library/PrivateFrameworks/CrashReporterSupport.framework/Versions/A/CrashReporterSupport
0x0000000003bcd000 	/System/Library/Frameworks/OpenCL.framework/Versions/A/OpenCL
0x0000000003bcd000 	/System/Library/PrivateFrameworks/FaceCore.framework/Versions/A/FaceCore
0x0000000003bcd000 	/System/Library/PrivateFrameworks/Ubiquity.framework/Versions/A/Ubiquity
0x0000000003bcd000 	/System/Library/PrivateFrameworks/IconServices.framework/Versions/A/IconServices
0x0000000003bcd000 	/System/Library/PrivateFrameworks/ChunkingLibrary.framework/Versions/A/ChunkingLibrary
0x0000000003bcd000 	/System/Library/PrivateFrameworks/Apple80211.framework/Versions/A/Apple80211
0x0000000003bcd000 	/System/Library/Frameworks/CoreWLAN.framework/Versions/A/CoreWLAN
0x0000000003bcd000 	/System/Library/Frameworks/IOBluetooth.framework/Versions/A/IOBluetooth
0x0000000003bcd000 	/System/Library/PrivateFrameworks/CoreWiFi.framework/Versions/A/CoreWiFi
0x0000000003bcd000 	/System/Library/Frameworks/CoreBluetooth.framework/Versions/A/CoreBluetooth
0x0000000003bcd000 	/System/Library/PrivateFrameworks/DebugSymbols.framework/Versions/A/DebugSymbols
0x0000000003bcd000 	/System/Library/PrivateFrameworks/CoreSymbolication.framework/Versions/A/CoreSymbolication
0x0000000003bcd000 	/System/Library/PrivateFrameworks/Symbolication.framework/Versions/A/Symbolication
0x0000000003bcd000 	/System/Library/PrivateFrameworks/SpeechRecognitionCore.framework/Versions/A/SpeechRecognitionCore
0x000000010cad4000 	/Library/Java/JavaVirtualMachines/jdk1.8.0_25.jdk/Contents/Home/jre/lib/server/libjvm.dylib
0x0000000003bcd000 	/usr/lib/libstdc++.6.dylib
0x000000010daf3000 	/Library/Java/JavaVirtualMachines/jdk1.8.0_25.jdk/Contents/Home/jre/lib/libverify.dylib
0x000000010db01000 	/Library/Java/JavaVirtualMachines/jdk1.8.0_25.jdk/Contents/Home/jre/lib/libjava.dylib
0x000000010db4d000 	/Library/Java/JavaVirtualMachines/jdk1.8.0_25.jdk/Contents/Home/jre/lib/libjdwp.dylib
0x000000010db98000 	/Library/Java/JavaVirtualMachines/jdk1.8.0_25.jdk/Contents/Home/jre/lib/libnpt.dylib
0x000000010dba5000 	/Library/Java/JavaVirtualMachines/jdk1.8.0_25.jdk/Contents/Home/jre/lib/libzip.dylib
0x00000001237de000 	/System/Library/Frameworks/JavaVM.framework/Frameworks/JavaRuntimeSupport.framework/JavaRuntimeSupport
0x00000001237f6000 	/System/Library/Frameworks/JavaVM.framework/Versions/A/Frameworks/JavaNativeFoundation.framework/Versions/A/JavaNativeFoundation
0x000000012380b000 	/System/Library/Frameworks/JavaVM.framework/Versions/A/JavaVM
0x0000000003bcd000 	/System/Library/Frameworks/Carbon.framework/Versions/A/Carbon
0x0000000123818000 	/System/Library/PrivateFrameworks/JavaLaunching.framework/Versions/A/JavaLaunching
0x0000000003bcd000 	/System/Library/Frameworks/Carbon.framework/Versions/A/Frameworks/CommonPanels.framework/Versions/A/CommonPanels
0x0000000003bcd000 	/System/Library/Frameworks/Carbon.framework/Versions/A/Frameworks/Help.framework/Versions/A/Help
0x0000000003bcd000 	/System/Library/Frameworks/Carbon.framework/Versions/A/Frameworks/ImageCapture.framework/Versions/A/ImageCapture
0x0000000003bcd000 	/System/Library/Frameworks/Carbon.framework/Versions/A/Frameworks/OpenScripting.framework/Versions/A/OpenScripting
0x0000000003bcd000 	/System/Library/Frameworks/Carbon.framework/Versions/A/Frameworks/Print.framework/Versions/A/Print
0x0000000003bcd000 	/System/Library/Frameworks/Carbon.framework/Versions/A/Frameworks/SecurityHI.framework/Versions/A/SecurityHI
0x0000000125180000 	/Library/Java/JavaVirtualMachines/jdk1.8.0_25.jdk/Contents/Home/jre/lib/libdt_socket.dylib

VM Arguments:
jvm_args: -agentlib:jdwp=transport=dt_socket,address=127.0.0.1:63478,suspend=y,server=n -Dfile.encoding=UTF-8 
java_command: com.twu.biblioteca.BibliotecaApp
java_class_path (initial): /Library/Java/JavaVirtualMachines/jdk1.8.0_25.jdk/Contents/Home/lib/ant-javafx.jar:/Library/Java/JavaVirtualMachines/jdk1.8.0_25.jdk/Contents/Home/lib/dt.jar:/Library/Java/JavaVirtualMachines/jdk1.8.0_25.jdk/Contents/Home/lib/javafx-mx.jar:/Library/Java/JavaVirtualMachines/jdk1.8.0_25.jdk/Contents/Home/lib/jconsole.jar:/Library/Java/JavaVirtualMachines/jdk1.8.0_25.jdk/Contents/Home/lib/sa-jdi.jar:/Library/Java/JavaVirtualMachines/jdk1.8.0_25.jdk/Contents/Home/lib/tools.jar:/Library/Java/JavaVirtualMachines/jdk1.8.0_25.jdk/Contents/Home/jre/lib/charsets.jar:/Library/Java/JavaVirtualMachines/jdk1.8.0_25.jdk/Contents/Home/jre/lib/deploy.jar:/Library/Java/JavaVirtualMachines/jdk1.8.0_25.jdk/Contents/Home/jre/lib/javaws.jar:/Library/Java/JavaVirtualMachines/jdk1.8.0_25.jdk/Contents/Home/jre/lib/jce.jar:/Library/Java/JavaVirtualMachines/jdk1.8.0_25.jdk/Contents/Home/jre/lib/jfr.jar:/Library/Java/JavaVirtualMachines/jdk1.8.0_25.jdk/Contents/Home/jre/lib/jfxswt.jar:/Library/Java/JavaVirtualMachines/jdk1.8.0_25.jdk/Contents/Home/jre/lib/jsse.jar:/Library/Java/JavaVirtualMachines/jdk1.8.0_25.jdk/Contents/Home/jre/lib/management-agent.jar:/Library/Java/JavaVirtualMachines/jdk1.8.0_25.jdk/Contents/Home/jre/lib/plugin.jar:/Library/Java/JavaVirtualMachines/jdk1.8.0_25.jdk/Contents/Home/jre/lib/resources.jar:/Library/Java/JavaVirtualMachines/jdk1.8.0_25.jdk/Contents/Home/jre/lib/rt.jar:/Library/Java/JavaVirtualMachines/jdk1.8.0_25.jdk/Contents/Home/jre/lib/ext/cldrdata.jar:/Library/Java/JavaVirtualMachines/jdk1.8.0_25.jdk/Contents/Home/jre/lib/ext/dnsns.jar:/Library/Java/JavaVirtualMachines/jdk1.8.0_25.jdk/Contents/Home/jre/lib/ext/jfxrt.jar:/Library/Java/JavaVirtualMachines/jdk1.8.0_25.jdk/Contents/Home/jre/lib/ext/localedata.jar:/Library/Java/JavaVirtualMachines/jdk1.8.0_25.jdk/Contents/Home/jre/lib/ext/nashorn.jar:/Library/Java/JavaVirtualMachines/jdk1.8.0_25.jdk/Contents/Home/jre/lib/ext/sunec.jar:/Library/Java/JavaVirtualMachines/jdk1.8.0_25.jdk/C
Launcher Type: SUN_STANDARD

Environment Variables:
PATH=/Users/Thoughtworks/.rvm/gems/ruby-2.2.0/bin:/Users/Thoughtworks/.rvm/gems/ruby-2.2.0@global/bin:/Users/Thoughtworks/.rvm/rubies/ruby-2.2.0/bin:/Users/Thoughtworks/YYL/tdtp/static-pages-boilerplate/vendor/bundle/gems/guard-2.8.2/bin:/Users/Thoughtworks/.rbenv/shims:/Users/Thoughtworks/.rbenv/bin:/usr/bin:/bin:/usr/sbin:/sbin:/usr/local/bin:/Users/Thoughtworks/YYL/gradle/gradle-2.2.1/bin:/Users/Thoughtworks/YYL/scala-2.11.4/bin:/Applications/Postgres.app/Contents/Versions/9.4/bin:/Users/Thoughtworks/.rvm/bin
SHELL=/bin/zsh

Signal Handlers:
SIGSEGV: [libjvm.dylib+0x579dc7], sa_mask[0]=11111111011111110111111111111111, sa_flags=SA_ONSTACK|SA_RESTART|SA_SIGINFO
SIGBUS: [libjvm.dylib+0x579dc7], sa_mask[0]=11111111011111110111111111111111, sa_flags=SA_RESTART|SA_SIGINFO
SIGFPE: [libjvm.dylib+0x45b030], sa_mask[0]=11111111011111110111111111111111, sa_flags=SA_RESTART|SA_SIGINFO
SIGPIPE: [libjvm.dylib+0x45b030], sa_mask[0]=11111111011111110111111111111111, sa_flags=SA_RESTART|SA_SIGINFO
SIGXFSZ: [libjvm.dylib+0x45b030], sa_mask[0]=11111111011111110111111111111111, sa_flags=SA_RESTART|SA_SIGINFO
SIGILL: [libjvm.dylib+0x45b030], sa_mask[0]=11111111011111110111111111111111, sa_flags=SA_RESTART|SA_SIGINFO
SIGUSR1: SIG_DFL, sa_mask[0]=00000000000000000000000000000000, sa_flags=none
SIGUSR2: [libjvm.dylib+0x45ab4e], sa_mask[0]=00100000000000000000000000000000, sa_flags=SA_RESTART|SA_SIGINFO
SIGHUP: [libjvm.dylib+0x459121], sa_mask[0]=11111111011111110111111111111111, sa_flags=SA_RESTART|SA_SIGINFO
SIGINT: [libjvm.dylib+0x459121], sa_mask[0]=11111111011111110111111111111111, sa_flags=SA_RESTART|SA_SIGINFO
SIGTERM: [libjvm.dylib+0x459121], sa_mask[0]=11111111011111110111111111111111, sa_flags=SA_RESTART|SA_SIGINFO
SIGQUIT: [libjvm.dylib+0x459121], sa_mask[0]=11111111011111110111111111111111, sa_flags=SA_RESTART|SA_SIGINFO


---------------  S Y S T E M  ---------------

OS:Bsduname:Darwin 14.3.0 Darwin Kernel Version 14.3.0: Mon Mar 23 11:59:05 PDT 2015; root:xnu-2782.20.48~5/RELEASE_X86_64 x86_64
rlimit: STACK 8192k, CORE 0k, NPROC 709, NOFILE 10240, AS infinity
load average:23.10 43.66 26.97

CPU:total 2 (2 cores per cpu, 1 threads per core) family 6 model 23 stepping 10, cmov, cx8, fxsr, mmx, sse, sse2, sse3, ssse3, sse4.1, tsc

Memory: 4k page, physical 8388608k(81800k free)

/proc/meminfo:


vm_info: Java HotSpot(TM) 64-Bit Server VM (25.25-b02) for bsd-amd64 JRE (1.8.0_25-b17), built on Sep 17 2014 16:56:50 by "java_re" with gcc 4.2.1 (Based on Apple Inc. build 5658) (LLVM build 2336.11.00)

time: Mon Jun  1 06:58:57 2015
elapsed time: 6242 seconds (0d 1h 44m 2s)

